<?xml version="1.0" encoding="UTF-8"?>
<testng-results ignored="0" total="1" passed="1" failed="0" skipped="0">
  <reporter-output>
  </reporter-output>
  <suite started-at="2025-07-29T01:38:19 IST" name="Default suite" finished-at="2025-07-29T01:38:29 IST" duration-ms="9889">
    <groups>
    </groups>
    <test started-at="2025-07-29T01:38:19 IST" name="Default test" finished-at="2025-07-29T01:38:29 IST" duration-ms="9889">
      <class name="testClasses.ExpensePageTestClass">
        <test-method is-config="true" signature="setUp()[pri:0, instance:testClasses.ExpensePageTestClass@6a78afa0]" started-at="2025-07-29T01:38:20 IST" name="setUp" finished-at="2025-07-29T01:38:23 IST" duration-ms="3586" status="PASS">
          <reporter-output>
          </reporter-output>
        </test-method> <!-- setUp -->
        <test-method signature="verifyExpenseCategoryLoading()[pri:0, instance:testClasses.ExpensePageTestClass@6a78afa0]" started-at="2025-07-29T01:38:23 IST" name="verifyExpenseCategoryLoading" finished-at="2025-07-29T01:38:29 IST" duration-ms="5850" status="PASS">
          <reporter-output>
          </reporter-output>
        </test-method> <!-- verifyExpenseCategoryLoading -->
        <test-method is-config="true" signature="tearDown()[pri:0, instance:testClasses.ExpensePageTestClass@6a78afa0]" started-at="2025-07-29T01:38:29 IST" name="tearDown" finished-at="2025-07-29T01:38:29 IST" duration-ms="423" status="PASS">
          <reporter-output>
          </reporter-output>
        </test-method> <!-- tearDown -->
      </class> <!-- testClasses.ExpensePageTestClass -->
    </test> <!-- Default test -->
  </suite> <!-- Default suite -->
</testng-results>
